Started GET "/" for ::1 at 2023-08-23 22:25:51 -0300
Processing by Rails::WelcomeController#index as HTML
  Rendering /var/lib/gems/3.0.0/gems/railties-7.0.7.2/lib/rails/templates/rails/welcome/index.html.erb
  Rendered /var/lib/gems/3.0.0/gems/railties-7.0.7.2/lib/rails/templates/rails/welcome/index.html.erb (Duration: 1.3ms | Allocations: 931)
Completed 200 OK in 24ms (Views: 4.7ms | ActiveRecord: 0.0ms | Allocations: 10742)


Started GET "/" for ::1 at 2023-08-23 22:31:47 -0300
Processing by Rails::WelcomeController#index as HTML
  Rendering /var/lib/gems/3.0.0/gems/railties-7.0.7.2/lib/rails/templates/rails/welcome/index.html.erb
  Rendered /var/lib/gems/3.0.0/gems/railties-7.0.7.2/lib/rails/templates/rails/welcome/index.html.erb (Duration: 1.7ms | Allocations: 826)
Completed 200 OK in 13ms (Views: 4.6ms | ActiveRecord: 0.0ms | Allocations: 7868)


Started GET "/" for 127.0.0.1 at 2023-08-27 12:48:42 -0300
Processing by Rails::WelcomeController#index as HTML
  Rendering /var/lib/gems/3.0.0/gems/railties-7.0.7.2/lib/rails/templates/rails/welcome/index.html.erb
  Rendered /var/lib/gems/3.0.0/gems/railties-7.0.7.2/lib/rails/templates/rails/welcome/index.html.erb (Duration: 1.8ms | Allocations: 826)
Completed 200 OK in 16ms (Views: 5.7ms | ActiveRecord: 0.0ms | Allocations: 7774)


Started GET "/" for ::1 at 2023-08-29 00:39:10 -0300
Processing by Rails::WelcomeController#index as HTML
  Rendering /var/lib/gems/3.0.0/gems/railties-7.0.7.2/lib/rails/templates/rails/welcome/index.html.erb
  Rendered /var/lib/gems/3.0.0/gems/railties-7.0.7.2/lib/rails/templates/rails/welcome/index.html.erb (Duration: 2.2ms | Allocations: 826)
Completed 200 OK in 17ms (Views: 6.7ms | ActiveRecord: 0.0ms | Allocations: 7867)


Started GET "/" for ::1 at 2023-08-29 00:50:15 -0300
Processing by Rails::WelcomeController#index as HTML
  Rendering /var/lib/gems/3.0.0/gems/railties-7.0.7.2/lib/rails/templates/rails/welcome/index.html.erb
  Rendered /var/lib/gems/3.0.0/gems/railties-7.0.7.2/lib/rails/templates/rails/welcome/index.html.erb (Duration: 1.5ms | Allocations: 826)
Completed 200 OK in 10ms (Views: 4.3ms | ActiveRecord: 0.0ms | Allocations: 7776)


Started GET "/" for ::1 at 2023-08-29 01:20:20 -0300
Processing by Rails::WelcomeController#index as HTML
  Rendering /var/lib/gems/3.0.0/gems/railties-7.0.7.2/lib/rails/templates/rails/welcome/index.html.erb
  Rendered /var/lib/gems/3.0.0/gems/railties-7.0.7.2/lib/rails/templates/rails/welcome/index.html.erb (Duration: 1.9ms | Allocations: 826)
Completed 200 OK in 11ms (Views: 5.3ms | ActiveRecord: 0.0ms | Allocations: 7776)


Started GET "/" for ::1 at 2023-08-29 01:23:33 -0300
Processing by Rails::WelcomeController#index as HTML
  Rendering /var/lib/gems/3.0.0/gems/railties-7.0.7.2/lib/rails/templates/rails/welcome/index.html.erb
  Rendered /var/lib/gems/3.0.0/gems/railties-7.0.7.2/lib/rails/templates/rails/welcome/index.html.erb (Duration: 1.1ms | Allocations: 826)
Completed 200 OK in 9ms (Views: 3.5ms | ActiveRecord: 0.0ms | Allocations: 7776)


Started GET "/articles" for ::1 at 2023-08-30 19:57:10 -0300
Processing by ArticlesController#index as HTML
  Rendering layout layouts/application.html.erb
  Rendering articles/index.html.erb within layouts/application
  Rendered articles/index.html.erb within layouts/application (Duration: 1.4ms | Allocations: 450)
  Rendered layout layouts/application.html.erb (Duration: 247.0ms | Allocations: 90893)
Completed 200 OK in 259ms (Views: 251.0ms | ActiveRecord: 0.0ms | Allocations: 98026)


Started GET "/articles" for ::1 at 2023-08-30 20:01:14 -0300
Processing by ArticlesController#index as HTML
  Rendering layout layouts/application.html.erb
  Rendering articles/index.html.erb within layouts/application
  Rendered articles/index.html.erb within layouts/application (Duration: 0.4ms | Allocations: 204)
  Rendered layout layouts/application.html.erb (Duration: 6.2ms | Allocations: 3085)
Completed 200 OK in 9ms (Views: 8.5ms | ActiveRecord: 0.0ms | Allocations: 4326)


Started GET "/" for ::1 at 2023-08-30 20:04:41 -0300
Processing by Rails::WelcomeController#index as HTML
  Rendering /var/lib/gems/3.0.0/gems/railties-7.0.7.2/lib/rails/templates/rails/welcome/index.html.erb
  Rendered /var/lib/gems/3.0.0/gems/railties-7.0.7.2/lib/rails/templates/rails/welcome/index.html.erb (Duration: 1.5ms | Allocations: 495)
Completed 200 OK in 4ms (Views: 3.0ms | ActiveRecord: 0.0ms | Allocations: 1642)


Started GET "/articles" for ::1 at 2023-08-30 20:04:47 -0300
Processing by ArticlesController#index as HTML
  Rendering layout layouts/application.html.erb
  Rendering articles/index.html.erb within layouts/application
  Rendered articles/index.html.erb within layouts/application (Duration: 0.5ms | Allocations: 208)
  Rendered layout layouts/application.html.erb (Duration: 6.6ms | Allocations: 3064)
Completed 200 OK in 10ms (Views: 8.6ms | ActiveRecord: 0.0ms | Allocations: 4296)


Started GET "/articles" for ::1 at 2023-08-30 20:05:05 -0300
Processing by ArticlesController#index as HTML
  Rendering layout layouts/application.html.erb
  Rendering articles/index.html.erb within layouts/application
  Rendered articles/index.html.erb within layouts/application (Duration: 0.7ms | Allocations: 208)
  Rendered layout layouts/application.html.erb (Duration: 24.5ms | Allocations: 3072)
Completed 200 OK in 49ms (Views: 36.5ms | ActiveRecord: 0.0ms | Allocations: 4281)


Started GET "/articles" for ::1 at 2023-08-30 20:05:28 -0300
Processing by ArticlesController#index as HTML
  Rendering layout layouts/application.html.erb
  Rendering articles/index.html.erb within layouts/application
  Rendered articles/index.html.erb within layouts/application (Duration: 0.8ms | Allocations: 218)
  Rendered layout layouts/application.html.erb (Duration: 33.4ms | Allocations: 3076)
Completed 200 OK in 49ms (Views: 44.8ms | ActiveRecord: 0.0ms | Allocations: 4285)


Started GET "/" for ::1 at 2023-08-30 20:08:30 -0300
Processing by ArticlesController#index as HTML
  Rendering layout layouts/application.html.erb
  Rendering articles/index.html.erb within layouts/application
  Rendered articles/index.html.erb within layouts/application (Duration: 0.0ms | Allocations: 12)
  Rendered layout layouts/application.html.erb (Duration: 16.2ms | Allocations: 14089)
Completed 200 OK in 17ms (Views: 17.0ms | ActiveRecord: 0.0ms | Allocations: 14944)


Started GET "/" for ::1 at 2023-08-30 20:08:34 -0300
Processing by ArticlesController#index as HTML
  Rendering layout layouts/application.html.erb
  Rendering articles/index.html.erb within layouts/application
  Rendered articles/index.html.erb within layouts/application (Duration: 0.1ms | Allocations: 7)
  Rendered layout layouts/application.html.erb (Duration: 6.7ms | Allocations: 2358)
Completed 200 OK in 9ms (Views: 7.8ms | ActiveRecord: 0.0ms | Allocations: 2687)


Started GET "/" for ::1 at 2023-08-30 20:08:39 -0300
Processing by ArticlesController#index as HTML
  Rendering layout layouts/application.html.erb
  Rendering articles/index.html.erb within layouts/application
  Rendered articles/index.html.erb within layouts/application (Duration: 0.1ms | Allocations: 7)
  Rendered layout layouts/application.html.erb (Duration: 5.4ms | Allocations: 2358)
Completed 200 OK in 7ms (Views: 6.3ms | ActiveRecord: 0.0ms | Allocations: 2672)


Started GET "/articles" for ::1 at 2023-08-30 20:09:41 -0300
Processing by ArticlesController#index as HTML
  Rendering layout layouts/application.html.erb
  Rendering articles/index.html.erb within layouts/application
  Rendered articles/index.html.erb within layouts/application (Duration: 0.0ms | Allocations: 7)
  Rendered layout layouts/application.html.erb (Duration: 5.0ms | Allocations: 2354)
Completed 200 OK in 6ms (Views: 5.6ms | ActiveRecord: 0.0ms | Allocations: 2668)


Started GET "/" for ::1 at 2023-08-30 20:09:48 -0300
Processing by ArticlesController#index as HTML
  Rendering layout layouts/application.html.erb
  Rendering articles/index.html.erb within layouts/application
  Rendered articles/index.html.erb within layouts/application (Duration: 0.1ms | Allocations: 7)
  Rendered layout layouts/application.html.erb (Duration: 3.8ms | Allocations: 2362)
Completed 200 OK in 5ms (Views: 4.4ms | ActiveRecord: 0.0ms | Allocations: 2676)


Started GET "/" for ::1 at 2023-08-30 22:04:54 -0300
Processing by ArticlesController#index as HTML
  Rendering layout layouts/application.html.erb
  Rendering articles/index.html.erb within layouts/application
  Rendered articles/index.html.erb within layouts/application (Duration: 0.8ms | Allocations: 536)
  Rendered layout layouts/application.html.erb (Duration: 54.9ms | Allocations: 35470)
Completed 200 OK in 63ms (Views: 57.5ms | ActiveRecord: 0.0ms | Allocations: 42599)


Started GET "/" for ::1 at 2023-08-30 23:11:41 -0300
Processing by ArticlesController#index as HTML
  Rendering layout layouts/application.html.erb
  Rendering articles/index.html.erb within layouts/application
  Rendered articles/index.html.erb within layouts/application (Duration: 1.0ms | Allocations: 325)
  Rendered layout layouts/application.html.erb (Duration: 55.0ms | Allocations: 33499)
Completed 200 OK in 64ms (Views: 57.1ms | ActiveRecord: 0.0ms | Allocations: 37486)


Started GET "/" for ::1 at 2023-08-30 23:11:43 -0300
Processing by ArticlesController#index as HTML
  Rendering layout layouts/application.html.erb
  Rendering articles/index.html.erb within layouts/application
  Rendered articles/index.html.erb within layouts/application (Duration: 0.0ms | Allocations: 7)
  Rendered layout layouts/application.html.erb (Duration: 4.2ms | Allocations: 2284)
Completed 200 OK in 5ms (Views: 4.7ms | ActiveRecord: 0.0ms | Allocations: 2544)


